TN:
SF:./src/module.js
FN:2,(anonymous_1)
FNF:1
FNH:1
FNDA:1,(anonymous_1)
DA:2,1
DA:5,1
LF:2
LH:2
BRF:0
BRH:0
end_of_record
TN:
SF:./src/directive.js
FN:2,(anonymous_1)
FN:5,throwNoKeyException
FN:11,(anonymous_3)
FN:24,(anonymous_4)
FN:31,(anonymous_5)
FN:40,(anonymous_6)
FN:42,(anonymous_7)
FN:55,(anonymous_8)
FN:69,(anonymous_9)
FN:77,(anonymous_10)
FNF:10
FNH:5
FNDA:1,(anonymous_1)
FNDA:3,throwNoKeyException
FNDA:5,(anonymous_3)
FNDA:5,(anonymous_4)
FNDA:4,(anonymous_5)
FNDA:0,(anonymous_6)
FNDA:0,(anonymous_7)
FNDA:0,(anonymous_8)
FNDA:0,(anonymous_9)
FNDA:0,(anonymous_10)
DA:2,1
DA:5,1
DA:6,3
DA:9,1
DA:11,1
DA:13,5
DA:25,5
DA:26,1
DA:29,4
DA:31,4
DA:32,4
DA:33,0
DA:36,4
DA:37,2
DA:40,2
DA:42,0
DA:43,0
DA:45,0
DA:46,0
DA:48,0
DA:50,0
DA:51,0
DA:55,0
DA:56,0
DA:57,0
DA:59,0
DA:61,0
DA:65,2
DA:71,0
DA:72,0
DA:74,0
DA:75,0
DA:77,0
DA:78,0
DA:84,2
LF:35
LH:16
BRDA:25,1,0,1
BRDA:25,1,1,4
BRDA:32,2,0,0
BRDA:32,2,1,4
BRDA:36,3,0,2
BRDA:36,3,1,2
BRDA:43,4,0,0
BRDA:43,4,1,0
BRDA:56,5,0,0
BRDA:56,5,1,0
BRDA:67,6,0,2
BRDA:67,6,1,2
BRDA:67,6,2,2
BRDA:71,7,0,0
BRDA:71,7,1,0
BRF:15
BRH:8
end_of_record
TN:
SF:./src/service.js
FN:2,(anonymous_1)
FN:10,(anonymous_2)
FN:13,(anonymous_3)
FN:20,getRecaptcha
FN:28,validateRecaptchaInstance
FN:50,(anonymous_6)
FN:54,(anonymous_7)
FN:62,(anonymous_8)
FN:79,(anonymous_9)
FNF:9
FNH:4
FNDA:1,(anonymous_1)
FNDA:6,(anonymous_2)
FNDA:0,(anonymous_3)
FNDA:2,getRecaptcha
FNDA:0,validateRecaptchaInstance
FNDA:2,(anonymous_6)
FNDA:0,(anonymous_7)
FNDA:0,(anonymous_8)
FNDA:0,(anonymous_9)
DA:2,1
DA:5,1
DA:10,1
DA:11,6
DA:13,6
DA:14,0
DA:16,0
DA:20,1
DA:21,2
DA:22,0
DA:25,2
DA:28,1
DA:29,0
DA:30,0
DA:36,6
DA:37,0
DA:40,6
DA:51,2
DA:52,2
DA:54,2
DA:55,0
DA:63,0
DA:66,0
DA:80,0
DA:82,0
LF:25
LH:14
BRDA:21,1,0,0
BRDA:21,1,1,2
BRDA:29,2,0,0
BRDA:29,2,1,0
BRDA:36,3,0,0
BRDA:36,3,1,6
BRF:6
BRH:2
end_of_record
